This is pdfTeX, Version 3.1415926-2.4-1.40.13 (MiKTeX 2.9 64-bit) (preloaded format=pdflatex 2013.10.22)  9 MAY 2014 15:27
entering extended mode
**H:/Docs/repository/other/ChromaPaper/ChromaPaper.tex
(H:/Docs/repository/other/ChromaPaper/ChromaPaper.tex
LaTeX2e <2011/06/27>
Babel <v3.8m> and hyphenation patterns for english, afrikaans, ancientgreek, ar
abic, armenian, assamese, basque, bengali, bokmal, bulgarian, catalan, coptic, 
croatian, czech, danish, dutch, esperanto, estonian, farsi, finnish, french, ga
lician, german, german-x-2012-05-30, greek, gujarati, hindi, hungarian, iceland
ic, indonesian, interlingua, irish, italian, kannada, kurmanji, latin, latvian,
 lithuanian, malayalam, marathi, mongolian, mongolianlmc, monogreek, ngerman, n
german-x-2012-05-30, nynorsk, oriya, panjabi, pinyin, polish, portuguese, roman
ian, russian, sanskrit, serbian, slovak, slovenian, spanish, swedish, swissgerm
an, tamil, telugu, turkish, turkmen, ukenglish, ukrainian, uppersorbian, usengl
ishmax, welsh, loaded.
("C:\Program Files\MiKTeX 2.9\tex\latex\base\article.cls"
Document Class: article 2007/10/19 v1.4h Standard LaTeX document class
("C:\Program Files\MiKTeX 2.9\tex\latex\base\size10.clo"
File: size10.clo 2007/10/19 v1.4h Standard LaTeX file (size option)
)
\c@part=\count79
\c@section=\count80
\c@subsection=\count81
\c@subsubsection=\count82
\c@paragraph=\count83
\c@subparagraph=\count84
\c@figure=\count85
\c@table=\count86
\abovecaptionskip=\skip41
\belowcaptionskip=\skip42
\bibindent=\dimen102
)
(H:\Docs\repository\other\ChromaPaper\ismir2014.sty)
("C:\Program Files\MiKTeX 2.9\tex\latex\amsmath\amsmath.sty"
Package: amsmath 2013/01/14 v2.14 AMS math features
\@mathmargin=\skip43

For additional information on amsmath, use the `?' option.
("C:\Program Files\MiKTeX 2.9\tex\latex\amsmath\amstext.sty"
Package: amstext 2000/06/29 v2.01

("C:\Program Files\MiKTeX 2.9\tex\latex\amsmath\amsgen.sty"
File: amsgen.sty 1999/11/30 v2.0
\@emptytoks=\toks14
\ex@=\dimen103
))
("C:\Program Files\MiKTeX 2.9\tex\latex\amsmath\amsbsy.sty"
Package: amsbsy 1999/11/29 v1.2d
\pmbraise@=\dimen104
)
("C:\Program Files\MiKTeX 2.9\tex\latex\amsmath\amsopn.sty"
Package: amsopn 1999/12/14 v2.01 operator names
)
\inf@bad=\count87
LaTeX Info: Redefining \frac on input line 210.
\uproot@=\count88
\leftroot@=\count89
LaTeX Info: Redefining \overline on input line 306.
\classnum@=\count90
\DOTSCASE@=\count91
LaTeX Info: Redefining \ldots on input line 378.
LaTeX Info: Redefining \dots on input line 381.
LaTeX Info: Redefining \cdots on input line 466.
\Mathstrutbox@=\box26
\strutbox@=\box27
\big@size=\dimen105
LaTeX Font Info:    Redeclaring font encoding OML on input line 566.
LaTeX Font Info:    Redeclaring font encoding OMS on input line 567.
\macc@depth=\count92
\c@MaxMatrixCols=\count93
\dotsspace@=\muskip10
\c@parentequation=\count94
\dspbrk@lvl=\count95
\tag@help=\toks15
\row@=\count96
\column@=\count97
\maxfields@=\count98
\andhelp@=\toks16
\eqnshift@=\dimen106
\alignsep@=\dimen107
\tagshift@=\dimen108
\tagwidth@=\dimen109
\totwidth@=\dimen110
\lineht@=\dimen111
\@envbody=\toks17
\multlinegap=\skip44
\multlinetaggap=\skip45
\mathdisplay@stack=\toks18
LaTeX Info: Redefining \[ on input line 2665.
LaTeX Info: Redefining \] on input line 2666.
)
(H:\Docs\repository\other\ChromaPaper\cite.sty
LaTeX Info: Redefining \cite on input line 149.
LaTeX Info: Redefining \nocite on input line 214.
Package: cite 2003/11/04  v 4.01
)
("C:\Program Files\MiKTeX 2.9\tex\latex\graphics\graphicx.sty"
Package: graphicx 1999/02/16 v1.0f Enhanced LaTeX Graphics (DPC,SPQR)

("C:\Program Files\MiKTeX 2.9\tex\latex\graphics\keyval.sty"
Package: keyval 1999/03/16 v1.13 key=value parser (DPC)
\KV@toks@=\toks19
)
("C:\Program Files\MiKTeX 2.9\tex\latex\graphics\graphics.sty"
Package: graphics 2009/02/05 v1.0o Standard LaTeX Graphics (DPC,SPQR)

("C:\Program Files\MiKTeX 2.9\tex\latex\graphics\trig.sty"
Package: trig 1999/03/16 v1.09 sin cos tan (DPC)
)
("C:\Program Files\MiKTeX 2.9\tex\latex\00miktex\graphics.cfg"
File: graphics.cfg 2007/01/18 v1.5 graphics configuration of teTeX/TeXLive
)
Package graphics Info: Driver file: pdftex.def on input line 91.

("C:\Program Files\MiKTeX 2.9\tex\latex\pdftex-def\pdftex.def"
File: pdftex.def 2011/05/27 v0.06d Graphics/color for pdfTeX

("C:\Program Files\MiKTeX 2.9\tex\generic\oberdiek\infwarerr.sty"
Package: infwarerr 2010/04/08 v1.3 Providing info/warning/error messages (HO)
)
("C:\Program Files\MiKTeX 2.9\tex\generic\oberdiek\ltxcmds.sty"
Package: ltxcmds 2011/11/09 v1.22 LaTeX kernel commands for general use (HO)
)
\Gread@gobject=\count99
))
\Gin@req@height=\dimen112
\Gin@req@width=\dimen113
)
("C:\Program Files\MiKTeX 2.9\tex\latex\ltxmisc\url.sty"
\Urlmuskip=\muskip11
Package: url 2006/04/12  ver 3.3  Verb mode for urls, etc.
)
(C:\Users\alerch3\AppData\Roaming\MiKTeX\2.9\tex\latex\units\units.sty
Package: units 1998/08/04 v0.9b Typesetting units

("C:\Program Files\MiKTeX 2.9\tex\latex\base\ifthen.sty"
Package: ifthen 2001/05/26 v1.1c Standard LaTeX ifthen package (DPC)
)
(C:\Users\alerch3\AppData\Roaming\MiKTeX\2.9\tex\latex\units\nicefrac.sty
Package: nicefrac 1998/08/04 v0.9b Nice fractions
\L@UnitsRaiseDisplaystyle=\skip46
\L@UnitsRaiseTextstyle=\skip47
\L@UnitsRaiseScriptstyle=\skip48
))
(C:\Users\alerch3\AppData\Roaming\MiKTeX\2.9\tex\latex\booktabs\booktabs.sty
Package: booktabs 2005/04/14 v1.61803 publication quality tables
\heavyrulewidth=\dimen114
\lightrulewidth=\dimen115
\cmidrulewidth=\dimen116
\belowrulesep=\dimen117
\belowbottomsep=\dimen118
\aboverulesep=\dimen119
\abovetopsep=\dimen120
\cmidrulesep=\dimen121
\cmidrulekern=\dimen122
\defaultaddspace=\dimen123
\@cmidla=\count100
\@cmidlb=\count101
\@aboverulesep=\dimen124
\@belowrulesep=\dimen125
\@thisruleclass=\count102
\@lastruleclass=\count103
\@thisrulewidth=\dimen126
)
("C:\Program Files\MiKTeX 2.9\tex\latex\tools\dcolumn.sty"
Package: dcolumn 2001/05/28 v1.06 decimal alignment package (DPC)

("C:\Program Files\MiKTeX 2.9\tex\latex\tools\array.sty"
Package: array 2008/09/09 v2.4c Tabular extension package (FMi)
\col@sep=\dimen127
\extrarowheight=\dimen128
\NC@list=\toks20
\extratabsurround=\skip49
\backup@length=\skip50
))
(C:\Users\alerch3\AppData\Roaming\MiKTeX\2.9\tex\latex\colortbl\colortbl.sty
Package: colortbl 2012/02/13 v1.0a Color table columns (DPC)

("C:\Program Files\MiKTeX 2.9\tex\latex\graphics\color.sty"
Package: color 2005/11/14 v1.0j Standard LaTeX Color (DPC)

("C:\Program Files\MiKTeX 2.9\tex\latex\00miktex\color.cfg"
File: color.cfg 2007/01/18 v1.5 color configuration of teTeX/TeXLive
)
Package color Info: Driver file: pdftex.def on input line 130.
)
\everycr=\toks21
\minrowclearance=\skip51
)
(C:\Users\alerch3\AppData\Roaming\MiKTeX\2.9\tex\latex\microtype\microtype.sty
Package: microtype 2013/05/23 v2.5a Micro-typographical refinements (RS)
\MT@toks=\toks22
\MT@count=\count104
LaTeX Info: Redefining \textls on input line 766.
\MT@outer@kern=\dimen129
LaTeX Info: Redefining \textmicrotypecontext on input line 1285.
\MT@listname@count=\count105

(C:\Users\alerch3\AppData\Roaming\MiKTeX\2.9\tex\latex\microtype\microtype-pdft
ex.def
File: microtype-pdftex.def 2013/05/23 v2.5a Definitions specific to pdftex (RS)

LaTeX Info: Redefining \lsstyle on input line 915.
LaTeX Info: Redefining \lslig on input line 915.
\MT@outer@space=\skip52
)
Package microtype Info: Loading configuration file microtype.cfg.

(C:\Users\alerch3\AppData\Roaming\MiKTeX\2.9\tex\latex\microtype\microtype.cfg
File: microtype.cfg 2013/05/23 v2.5a microtype main configuration file (RS)
)) ("C:\Program Files\MiKTeX 2.9\tex\latex\float\float.sty"
Package: float 2001/11/08 v1.3d Float enhancements (AL)
\c@float@type=\count106
\float@exts=\toks23
\float@box=\box28
\@float@everytoks=\toks24
\@floatcapt=\box29
)
(H:\Docs\repository\other\ChromaPaper\ChromaPaper.aux)
LaTeX Font Info:    Checking defaults for OML/cmm/m/it on input line 49.
LaTeX Font Info:    ... okay on input line 49.
LaTeX Font Info:    Checking defaults for T1/cmr/m/n on input line 49.
LaTeX Font Info:    ... okay on input line 49.
LaTeX Font Info:    Checking defaults for OT1/cmr/m/n on input line 49.
LaTeX Font Info:    ... okay on input line 49.
LaTeX Font Info:    Checking defaults for OMS/cmsy/m/n on input line 49.
LaTeX Font Info:    ... okay on input line 49.
LaTeX Font Info:    Checking defaults for OMX/cmex/m/n on input line 49.
LaTeX Font Info:    ... okay on input line 49.
LaTeX Font Info:    Checking defaults for U/cmr/m/n on input line 49.
LaTeX Font Info:    ... okay on input line 49.
LaTeX Font Info:    Try loading font information for OT1+ptm on input line 49.

("C:\Program Files\MiKTeX 2.9\tex\latex\psnfss\ot1ptm.fd"
File: ot1ptm.fd 2001/06/04 font definitions for OT1/ptm.
)
(C:\Users\alerch3\AppData\Roaming\MiKTeX\2.9\tex\context\base\supp-pdf.mkii
[Loading MPS to PDF converter (version 2006.09.02).]
\scratchcounter=\count107
\scratchdimen=\dimen130
\scratchbox=\box30
\nofMPsegments=\count108
\nofMParguments=\count109
\everyMPshowfont=\toks25
\MPscratchCnt=\count110
\MPscratchDim=\dimen131
\MPnumerator=\count111
\makeMPintoPDFobject=\count112
\everyMPtoPDFconversion=\toks26
)
LaTeX Info: Redefining \microtypecontext on input line 49.
Package microtype Info: Generating PDF output.
Package microtype Info: Character protrusion enabled (level 2).
Package microtype Info: Using default protrusion set `alltext'.
Package microtype Info: Automatic font expansion enabled (level 2),
(microtype)             stretch: 20, shrink: 20, step: 1, non-selected.
Package microtype Info: Using default expansion set `basictext'.
Package microtype Info: No adjustment of tracking.
Package microtype Info: No adjustment of interword spacing.
Package microtype Info: No adjustment of character kerning.
 (C:\Users\alerch3\AppData\Roaming\MiKTeX\2.9\tex\latex\microtype\mt-ptm.cfg
File: mt-ptm.cfg 2006/04/20 v1.7 microtype config. file: Times (RS)
)
LaTeX Font Info:    Font shape `OT1/ptm/bx/n' in size <14.4> not available
(Font)              Font shape `OT1/ptm/b/n' tried instead on input line 51.

(C:\Users\alerch3\AppData\Roaming\MiKTeX\2.9\tex\latex\microtype\mt-cmr.cfg
File: mt-cmr.cfg 2013/05/19 v2.2 microtype config. file: Computer Modern Roman 
(RS)
)
LaTeX Font Info:    Font shape `OT1/ptm/bx/n' in size <12> not available
(Font)              Font shape `OT1/ptm/b/n' tried instead on input line 51.
LaTeX Font Info:    Try loading font information for OT1+pcr on input line 51.

("C:\Program Files\MiKTeX 2.9\tex\latex\psnfss\ot1pcr.fd"
File: ot1pcr.fd 2001/06/04 font definitions for OT1/pcr.
)
Package microtype Info: Loading generic settings for font family
(microtype)             `pcr' (encoding: OT1).
(microtype)             For optimal results, create family-specific settings.
(microtype)             See the microtype manual for details.

Overfull \hbox (3.99689pt too wide) in paragraph at lines 51--51
 [][] 
 []

LaTeX Font Info:    Try loading font information for OMS+ptm on input line 51.
("C:\Program Files\MiKTeX 2.9\tex\latex\psnfss\omsptm.fd"
File: omsptm.fd 
)
LaTeX Font Info:    Font shape `OMS/ptm/m/n' in size <8> not available
(Font)              Font shape `OMS/cmsy/m/n' tried instead on input line 51.
LaTeX Font Info:    Font shape `OT1/ptm/bx/n' in size <10> not available
(Font)              Font shape `OT1/ptm/b/n' tried instead on input line 53.


LaTeX Warning: Citation `van_de_par_musical_2006' on page 1 undefined on input 
line 59.


Underfull \vbox (badness 1521) has occurred while \output is active []


<graph/annotated.png, id=1, 1196.1931pt x 536.41785pt>
File: graph/annotated.png Graphic file (type png)

<use graph/annotated.png>
Package pdftex.def Info: graph/annotated.png used on input line 82.
(pdftex.def)             Requested size: 239.23438pt x 107.28166pt.

Overfull \hbox (5.92178pt too wide) in paragraph at lines 82--83
[][] 
 []

<graph/key_distribution_colour_legend.png, id=2, 1196.1931pt x 536.41785pt>
File: graph/key_distribution_colour_legend.png Graphic file (type png)

<use graph/key_distribution_colour_legend.png>
Package pdftex.def Info: graph/key_distribution_colour_legend.png used on input
 line 89.
(pdftex.def)             Requested size: 239.23438pt x 107.28166pt.

Overfull \hbox (5.92178pt too wide) in paragraph at lines 89--90
[][] 
 []

[1{C:/Users/alerch3/AppData/Local/MiKTeX/2.9/pdftex/config/pdftex.map}



 <H:/Docs/repository/other/ChromaPaper/graph/annotated.png (PNG copy)> <H:/Docs
/repository/other/ChromaPaper/graph/key_distribution_colour_legend.png (PNG cop
y)>]
<graph/allMajChroma+Krum+Temp.png, id=12, 1196.1931pt x 570.06078pt>
File: graph/allMajChroma+Krum+Temp.png Graphic file (type png)

<use graph/allMajChroma+Krum+Temp.png>
Package pdftex.def Info: graph/allMajChroma+Krum+Temp.png used on input line 13
3.
(pdftex.def)             Requested size: 239.23438pt x 114.01013pt.

<graph/allMinChroma+Krum+Temp.png, id=13, 1196.1931pt x 570.06078pt>
File: graph/allMinChroma+Krum+Temp.png Graphic file (type png)

<use graph/allMinChroma+Krum+Temp.png>
Package pdftex.def Info: graph/allMinChroma+Krum+Temp.png used on input line 13
4.
(pdftex.def)             Requested size: 239.23438pt x 114.01013pt.

Underfull \vbox (badness 1184) has occurred while \output is active []


<graph/boxPlotsMajCPR+Krum+Temp.png, id=14, 1196.1931pt x 570.06078pt>
File: graph/boxPlotsMajCPR+Krum+Temp.png Graphic file (type png)

<use graph/boxPlotsMajCPR+Krum+Temp.png>
Package pdftex.def Info: graph/boxPlotsMajCPR+Krum+Temp.png used on input line 
143.
(pdftex.def)             Requested size: 239.23438pt x 114.01013pt.

<graph/boxPlotsMinBHP+Krum+Temp.png, id=15, 1196.1931pt x 570.06078pt>
File: graph/boxPlotsMinBHP+Krum+Temp.png Graphic file (type png)

<use graph/boxPlotsMinBHP+Krum+Temp.png>
Package pdftex.def Info: graph/boxPlotsMinBHP+Krum+Temp.png used on input line 
144.
(pdftex.def)             Requested size: 239.23438pt x 114.01013pt.

<graph/boxPlotsMajDJRk+Krum+Temp.png, id=16, 1196.1931pt x 570.06078pt>
File: graph/boxPlotsMajDJRk+Krum+Temp.png Graphic file (type png)

<use graph/boxPlotsMajDJRk+Krum+Temp.png>
Package pdftex.def Info: graph/boxPlotsMajDJRk+Krum+Temp.png used on input line
 145.
(pdftex.def)             Requested size: 239.23438pt x 114.01013pt.

<graph/boxPlotsMinDMR+Krum+Temp.png, id=17, 1196.1931pt x 570.06078pt>
File: graph/boxPlotsMinDMR+Krum+Temp.png Graphic file (type png)

<use graph/boxPlotsMinDMR+Krum+Temp.png>
Package pdftex.def Info: graph/boxPlotsMinDMR+Krum+Temp.png used on input line 
146.
(pdftex.def)             Requested size: 239.23438pt x 114.01013pt.

<graph/MDS_maj_colour.png, id=18, 1196.1931pt x 536.41785pt>
File: graph/MDS_maj_colour.png Graphic file (type png)

<use graph/MDS_maj_colour.png>
Package pdftex.def Info: graph/MDS_maj_colour.png used on input line 242.
(pdftex.def)             Requested size: 239.23438pt x 107.28166pt.

<graph/MDS_min_colour.png, id=19, 1196.1931pt x 522.71147pt>
File: graph/MDS_min_colour.png Graphic file (type png)

<use graph/MDS_min_colour.png>
Package pdftex.def Info: graph/MDS_min_colour.png used on input line 243.
(pdftex.def)             Requested size: 239.23438pt x 104.54044pt.

Overfull \hbox (5.92178pt too wide) in paragraph at lines 242--244
[][]
 []


Overfull \hbox (5.92178pt too wide) in paragraph at lines 242--244
[] 
 []

[2]
Underfull \hbox (badness 10000) in paragraph at lines 258--258
[][]$\OT1/pcr/m/n/8 http : / / labrosa . ee . columbia . edu / matlab /
 []

[3 <H:/Docs/repository/other/ChromaPaper/graph/allMajChroma+Krum+Temp.png (PNG 
copy)> <H:/Docs/repository/other/ChromaPaper/graph/allMinChroma+Krum+Temp.png (
PNG copy)> <H:/Docs/repository/other/ChromaPaper/graph/boxPlotsMajCPR+Krum+Temp
.png (PNG copy)> <H:/Docs/repository/other/ChromaPaper/graph/boxPlotsMinBHP+Kru
m+Temp.png (PNG copy)> <H:/Docs/repository/other/ChromaPaper/graph/boxPlotsMajD
JRk+Krum+Temp.png (PNG copy)> <H:/Docs/repository/other/ChromaPaper/graph/boxPl
otsMinDMR+Krum+Temp.png (PNG copy)> <H:/Docs/repository/other/ChromaPaper/graph
/MDS_maj_colour.png (PNG copy)> <H:/Docs/repository/other/ChromaPaper/graph/MDS
_min_colour.png (PNG copy)>]
LaTeX Font Info:    Font shape `OMS/ptm/m/n' in size <10> not available
(Font)              Font shape `OMS/cmsy/m/n' tried instead on input line 262.
 [4]
(H:\Docs\repository\other\ChromaPaper\ChromaPaper.bbl) [5]
(H:\Docs\repository\other\ChromaPaper\ChromaPaper.aux)

LaTeX Warning: There were undefined references.

 ) 
Here is how much of TeX's memory you used:
 4207 strings out of 493921
 61776 string characters out of 3147275
 198880 words of memory out of 3000000
 7253 multiletter control sequences out of 15000+200000
 31151 words of font info for 163 fonts, out of 3000000 for 9000
 841 hyphenation exceptions out of 8191
 34i,16n,35p,1152b,349s stack positions out of 5000i,500n,10000p,200000b,50000s
{C:/Program Files/MiKTeX 2.9/fonts/enc/dvips/fontname/8r.enc}<C:/Program File
s/MiKTeX 2.9/fonts/type1/public/amsfonts/cm/cmr10.pfb><C:/Program Files/MiKTeX 
2.9/fonts/type1/public/amsfonts/cm/cmsy10.pfb><C:/Program Files/MiKTeX 2.9/font
s/type1/public/amsfonts/cm/cmsy8.pfb><C:/Program Files/MiKTeX 2.9/fonts/type1/u
rw/courier/ucrr8a.pfb><C:/Program Files/MiKTeX 2.9/fonts/type1/urw/times/utmb8a
.pfb><C:/Program Files/MiKTeX 2.9/fonts/type1/urw/times/utmr8a.pfb><C:/Program 
Files/MiKTeX 2.9/fonts/type1/urw/times/utmri8a.pfb>
Output written on ChromaPaper.pdf (5 pages, 304664 bytes).
PDF statistics:
 57 PDF objects out of 1000 (max. 8388607)
 0 named destinations out of 1000 (max. 500000)
 23603 words of extra memory for PDF output out of 24883 (max. 10000000)

